начало last.log.
0223:56
 
 \\\\\\ 
хуй TRIMMED
MessageRecord[playerName=xWindows9x, timestamp=1698965761, message=хуй] FLLODDD RECORDED
хуй TRIMMED
NotificationSystem
NotificationSystem
хуй TRIMMED
хуй TRIMMED
хуй TRIMMED
хуй TRIMMED
хуй TRIMMED
хуй TRIMMED
хуй TRIMMED
хуй TRIMMED
хуй TRIMMED
хуй TRIMMED
хуй TRIMMED
хуй TRIMMED
хуй TRIMMED
хуй TRIMMED
хуй TRIMMED
хуй TRIMMED
хуй TRIMMED
хуй TRIMMED
хуй TRIMMED
хуй TRIMMED
хуй TRIMMED
хуй TRIMMED
хуй TRIMMED
хуй TRIMMED
хуй TRIMMED
хуй TRIMMED
хуй TRIMMED
хуй TRIMMED
хуй TRIMMED
хуй TRIMMED
хуй TRIMMED
хуй TRIMMED
хуй TRIMMED
хуй TRIMMED
хуй TRIMMED
хуй TRIMMED
хуй TRIMMED
хуй TRIMMED
хуй TRIMMED
хуй TRIMMED
хуй TRIMMED
хуй TRIMMED
хуй TRIMMED
хуй TRIMMED
хуй TRIMMED
хуй TRIMMED
хуй TRIMMED
хуй TRIMMED
хуй TRIMMED
хуй TRIMMED
хуй TRIMMED
хуй TRIMMED
хуй TRIMMED
хуй TRIMMED
хуй TRIMMED
хуй TRIMMED
хуй TRIMMED
хуй TRIMMED
хуй TRIMMED
хуй TRIMMED
хуй TRIMMED
хуй TRIMMED
хуй TRIMMED
хуй TRIMMED
хуй TRIMMED
хуй TRIMMED
хуй TRIMMED
хуй TRIMMED
хуй TRIMMED
хуй TRIMMED
хуй TRIMMED
хуй TRIMMED
хуй TRIMMED
хуй TRIMMED
хуй TRIMMED
хуй TRIMMED
хуй TRIMMED
хуй TRIMMED
хуй TRIMMED
хуй TRIMMED
хуй TRIMMED
хуй TRIMMED
хуй TRIMMED
хуй TRIMMED
хуй TRIMMED
хуй TRIMMED
хуй TRIMMED
хуй TRIMMED
хуй TRIMMED
хуй TRIMMED
хуй TRIMMED
хуй TRIMMED
хуй TRIMMED
хуй TRIMMED
хуй TRIMMED
хуй TRIMMED
